<?xml version="1.0" encoding="UTF-8"?>
<!-- Generated by org.testng.reporters.JUnitReportReporter -->
<testsuite hostname="MTALT343" name="com.kaplan.tests.TestExcel" tests="1" failures="0" timestamp="12 Apr 2015 10:06:40 GMT" time="1.311" errors="0">
  <testcase name="Test1" time="1.311" classname="com.kaplan.tests.TestExcel"/>
</testsuite> <!-- com.kaplan.tests.TestExcel -->
