<?xml version="1.0" encoding="UTF-8"?>
<!-- Generated by org.testng.reporters.JUnitReportReporter -->
<testsuite hostname="MTALT343" name="com.kaplan.tests.TestScenario1_3" tests="2" failures="0" timestamp="23 Aug 2015 11:52:15 GMT" time="20.516" errors="0">
  <testcase name="TestScenario2" time="8.073" classname="com.kaplan.tests.TestScenario1_3"/>
  <testcase name="TestScenario1" time="12.443" classname="com.kaplan.tests.TestScenario1_3"/>
</testsuite> <!-- com.kaplan.tests.TestScenario1_3 -->
